<?xml version="1.0" encoding="utf-8"?><testsuites name="pytest tests"><testsuite name="pytest" errors="0" failures="3" skipped="0" tests="26" time="49.067" timestamp="2026-04-27T08:30:04.996112+00:00" hostname="agent-env-2ac3671f-3c40-47c8-a3af-fe621a3fbd4c"><testcase classname="backend.tests.backend_test.TestHealth" name="test_health" time="0.240" /><testcase classname="backend.tests.backend_test.TestHealth" name="test_root" time="0.161" /><testcase classname="backend.tests.backend_test.TestAuth" name="test_register_new_user_sets_cookies_and_returns_token" time="0.340"><failure message="AssertionError: assert 'test_57de524489@example.com' == 'TEST_57de524489@example.com'&#10;  &#10;  - TEST_57de524489@example.com&#10;  ? ^^^^&#10;  + test_57de524489@example.com&#10;  ? ^^^^">backend/tests/backend_test.py:80: in test_register_new_user_sets_cookies_and_returns_token
    assert body["user"]["email"] == email
E   AssertionError: assert 'test_57de524489@example.com' == 'TEST_57de524489@example.com'
E     
E     - TEST_57de524489@example.com
E     ? ^^^^
E     + test_57de524489@example.com
E     ? ^^^^</failure></testcase><testcase classname="backend.tests.backend_test.TestAuth" name="test_register_duplicate_email_400" time="0.486" /><testcase classname="backend.tests.backend_test.TestAuth" name="test_login_demo_success_and_me_via_cookie" time="0.049" /><testcase classname="backend.tests.backend_test.TestAuth" name="test_login_invalid_password_401" time="0.353" /><testcase classname="backend.tests.backend_test.TestAuth" name="test_me_via_bearer_token" time="0.102" /><testcase classname="backend.tests.backend_test.TestAuth" name="test_me_unauthenticated" time="0.114" /><testcase classname="backend.tests.backend_test.TestAuth" name="test_logout_clears_cookies" time="0.504" /><testcase classname="backend.tests.backend_test.TestCORS" name="test_preflight_frontend_origin" time="0.075"><failure message="AssertionError: assert '*' == 'https://inst...gentagent.com'&#10;  &#10;  - https://instant-cover-gen.preview.emergentagent.com&#10;  + *">backend/tests/backend_test.py:141: in test_preflight_frontend_origin
    assert r.headers.get("access-control-allow-origin") == origin
E   AssertionError: assert '*' == 'https://inst...gentagent.com'
E     
E     - https://instant-cover-gen.preview.emergentagent.com
E     + *</failure></testcase><testcase classname="backend.tests.backend_test.TestCORS" name="test_preflight_chrome_extension_origin" time="0.074"><failure message="AssertionError: assert '*' == 'chrome-exten...defghijklmnop'&#10;  &#10;  - chrome-extension://abcdefghijklmnopabcdefghijklmnop&#10;  + *">backend/tests/backend_test.py:156: in test_preflight_chrome_extension_origin
    assert r.headers.get("access-control-allow-origin") == origin
E   AssertionError: assert '*' == 'chrome-exten...defghijklmnop'
E     
E     - chrome-extension://abcdefghijklmnopabcdefghijklmnop
E     + *</failure></testcase><testcase classname="backend.tests.backend_test.TestProfile" name="test_get_profile_autocreated" time="0.050" /><testcase classname="backend.tests.backend_test.TestProfile" name="test_update_profile_persists" time="0.100" /><testcase classname="backend.tests.backend_test.TestProfile" name="test_upload_resume_invalid_extension_400" time="0.057" /><testcase classname="backend.tests.backend_test.TestProfile" name="test_upload_resume_txt_populates_base_text" time="0.106" /><testcase classname="backend.tests.backend_test.TestJobsAnalyze" name="test_analyze_creates_job_with_analysis" time="21.133" /><testcase classname="backend.tests.backend_test.TestJobsAnalyze" name="test_analyze_too_short_422" time="0.060" /><testcase classname="backend.tests.backend_test.TestJobsAnalyze" name="test_list_jobs_includes_created" time="0.053" /><testcase classname="backend.tests.backend_test.TestJobsAnalyze" name="test_get_job_detail_with_documents_field" time="0.054" /><testcase classname="backend.tests.backend_test.TestJobsAnalyze" name="test_get_job_404" time="0.051" /><testcase classname="backend.tests.backend_test.TestJobsGenerate" name="test_generate_resume_requires_base_resume" time="0.179" /><testcase classname="backend.tests.backend_test.TestJobsGenerate" name="test_generate_resume_returns_content" time="11.991" /><testcase classname="backend.tests.backend_test.TestJobsGenerate" name="test_generate_cover_letter_returns_content" time="12.243" /><testcase classname="backend.tests.backend_test.TestJobsGenerate" name="test_pdf_download_via_bearer" time="0.064" /><testcase classname="backend.tests.backend_test.TestJobsGenerate" name="test_pdf_download_unauthenticated_401" time="0.162" /><testcase classname="backend.tests.backend_test.TestJobsCleanup" name="test_delete_job_and_404_after" time="0.105" /></testsuite></testsuites>